<?xml version="1.0" encoding="UTF-8"?>
<!-- Generated by org.testng.reporters.JUnitReportReporter -->
<testsuite hostname="DEEPAK" failures="0" tests="3" name="testing_keywords_day2.Priority" time="0.022" errors="0" timestamp="2024-04-17T12:56:39 IST" skipped="0">
  <testcase classname="testing_keywords_day2.Priority" name="register" time="0.009"/>
  <system-out>
    <![CDATA[register]]>
  </system-out>
  <testcase classname="testing_keywords_day2.Priority" name="login" time="0.007"/>
  <system-out>
    <![CDATA[Login]]>
  </system-out>
  <testcase classname="testing_keywords_day2.Priority" name="logout" time="0.006"/>
  <system-out>
    <![CDATA[Logout]]>
  </system-out>
</testsuite> <!-- testing_keywords_day2.Priority -->
