<?xml version="1.0" encoding="UTF-8"?>
<!-- Generated by org.testng.reporters.JUnitReportReporter -->
<testsuite hostname="DEEPAK" failures="0" tests="2" name="parallel_execution.A" time="10.887" errors="0" timestamp="2024-04-18T13:03:39 IST" skipped="0">
  <testcase classname="parallel_execution.A" name="TC1" time="5.138"/>
  <system-out/>
  <testcase classname="parallel_execution.A" name="TC1" time="5.749"/>
  <system-out/>
</testsuite> <!-- parallel_execution.A -->
