<?xml version="1.0" encoding="UTF-8"?>
<!-- Generated by org.testng.reporters.JUnitReportReporter -->
<testsuite hostname="DEEPAK" failures="0" tests="3" name="testing_keywords_day2.EnabledEquals_to_False" time="0.020" errors="0" timestamp="2024-04-18T01:52:38 IST" skipped="1">
  <testcase classname="testing_keywords_day2.EnabledEquals_to_False" name="login" time="0.010"/>
  <system-out>
    <![CDATA[logi,truen]]>
  </system-out>
  <testcase classname="testing_keywords_day2.EnabledEquals_to_False" name="logout" time="0.010"/>
  <system-out>
    <![CDATA[Logout]]>
  </system-out>
  <testcase classname="testing_keywords_day2.EnabledEquals_to_False" name="register">
    <skipped/>
  </testcase> <!-- register -->
  <system-out/>
</testsuite> <!-- testing_keywords_day2.EnabledEquals_to_False -->
