<?xml version="1.0" encoding="UTF-8"?>
<!-- Generated by org.testng.reporters.JUnitReportReporter -->
<testsuite hostname="DEEPAK" failures="0" tests="1" name="testing_keywords_day2.TimeOuts" time="0.014" errors="0" timestamp="2024-04-18T02:01:52 IST" skipped="0">
  <testcase classname="testing_keywords_day2.TimeOuts" name="logout" time="0.014"/>
  <system-out>
    <![CDATA[Logout]]>
  </system-out>
</testsuite> <!-- testing_keywords_day2.TimeOuts -->
