<?xml version="1.0" encoding="UTF-8"?>
<!-- Generated by org.testng.reporters.JUnitReportReporter -->
<testsuite hostname="DEEPAK" failures="0" tests="2" name="GroupExecution.Allgroups" time="0.012" errors="0" timestamp="2024-04-20T01:00:17 IST" skipped="0">
  <testcase classname="GroupExecution.Allgroups" name="verifyLogin" time="0.009"/>
  <system-out>
    <![CDATA[Fuctionaltestcase]]>
  </system-out>
  <testcase classname="GroupExecution.Allgroups" name="verifyLogout" time="0.003"/>
  <system-out>
    <![CDATA[Functionaltestcase]]>
  </system-out>
</testsuite> <!-- GroupExecution.Allgroups -->
