<?xml version="1.0" encoding="UTF-8"?>
<!-- Generated by org.testng.reporters.JUnitReportReporter -->
<testsuite hostname="DEEPAK" failures="0" tests="10" name="testing_keywords_day2.InvocationCount" time="0.043" errors="0" timestamp="2024-04-17T12:48:13 IST" skipped="0">
  <testcase classname="testing_keywords_day2.InvocationCount" name="m1" time="0.003"/>
  <system-out>
    <![CDATA[hii]]>
  </system-out>
  <testcase classname="testing_keywords_day2.InvocationCount" name="m1" time="0.004"/>
  <system-out>
    <![CDATA[hii]]>
  </system-out>
  <testcase classname="testing_keywords_day2.InvocationCount" name="m1" time="0.010"/>
  <system-out>
    <![CDATA[hii]]>
  </system-out>
  <testcase classname="testing_keywords_day2.InvocationCount" name="m1" time="0.002"/>
  <system-out>
    <![CDATA[hii]]>
  </system-out>
  <testcase classname="testing_keywords_day2.InvocationCount" name="m1" time="0.001"/>
  <system-out>
    <![CDATA[hii]]>
  </system-out>
  <testcase classname="testing_keywords_day2.InvocationCount" name="m1" time="0.002"/>
  <system-out>
    <![CDATA[hii]]>
  </system-out>
  <testcase classname="testing_keywords_day2.InvocationCount" name="m1" time="0.002"/>
  <system-out>
    <![CDATA[hii]]>
  </system-out>
  <testcase classname="testing_keywords_day2.InvocationCount" name="m1" time="0.002"/>
  <system-out>
    <![CDATA[hii]]>
  </system-out>
  <testcase classname="testing_keywords_day2.InvocationCount" name="m1" time="0.006"/>
  <system-out>
    <![CDATA[hii]]>
  </system-out>
  <testcase classname="testing_keywords_day2.InvocationCount" name="m1" time="0.011"/>
  <system-out>
    <![CDATA[hii]]>
  </system-out>
</testsuite> <!-- testing_keywords_day2.InvocationCount -->
