<?xml version="1.0" encoding="UTF-8"?>
<!-- Generated by org.testng.reporters.JUnitReportReporter -->
<testsuite hostname="DEEPAK" failures="0" tests="1" name="testing_keywords_day2.AnnotationsTC" time="0.012" errors="0" timestamp="2024-04-18T02:15:57 IST" skipped="0">
  <testcase classname="testing_keywords_day2.AnnotationsTC" name="TC" time="0.012"/>
  <system-out>
    <![CDATA[verify login operation==]]>
  </system-out>
</testsuite> <!-- testing_keywords_day2.AnnotationsTC -->
