<?xml version="1.0" encoding="UTF-8"?>
<!-- Generated by org.testng.reporters.JUnitReportReporter -->
<testsuite hostname="DEEPAK" failures="0" tests="1" name="testngprogramms.A" time="0.010" errors="0" timestamp="2024-04-16T19:14:04 IST" skipped="0">
  <testcase classname="testngprogramms.A" name="m1" time="0.010"/>
  <system-out>
    <![CDATA[hello]]>
  </system-out>
</testsuite> <!-- testngprogramms.A -->
