<?xml version="1.0" encoding="UTF-8"?>
<!-- Generated by org.testng.reporters.JUnitReportReporter -->
<testsuite hostname="DEEPAK" failures="0" tests="3" name="group_execution.Disableusing_enabled_keyword" time="0.010" errors="0" timestamp="2024-04-20T01:11:19 IST" skipped="2">
  <testcase classname="group_execution.Disableusing_enabled_keyword" name="TC3" time="0.010"/>
  <system-out>
    <![CDATA[TC3]]>
  </system-out>
  <testcase classname="group_execution.Disableusing_enabled_keyword" name="TC1">
    <skipped/>
  </testcase> <!-- TC1 -->
  <system-out/>
  <testcase classname="group_execution.Disableusing_enabled_keyword" name="TC2">
    <skipped/>
  </testcase> <!-- TC2 -->
  <system-out/>
</testsuite> <!-- group_execution.Disableusing_enabled_keyword -->
