<?xml version="1.0" encoding="UTF-8"?>
<!-- Generated by org.testng.reporters.JUnitReportReporter -->
<testsuite hostname="DEEPAK" failures="0" tests="1" name="testngprogramms.B" time="0.011" errors="0" timestamp="2024-04-16T12:56:45 IST" skipped="0">
  <testcase classname="testngprogramms.B" name="meth1" time="0.011"/>
  <system-out>
    <![CDATA[sagar]]>
  </system-out>
</testsuite> <!-- testngprogramms.B -->
