<?xml version="1.0" encoding="UTF-8"?>
<!-- Generated by org.testng.reporters.JUnitReportReporter -->
<testsuite hostname="DEEPAK" failures="0" tests="2" name="parallel_execution.B" time="15.730" errors="0" timestamp="2024-04-18T13:03:39 IST" skipped="0">
  <testcase classname="parallel_execution.B" name="TC2" time="8.047"/>
  <system-out/>
  <testcase classname="parallel_execution.B" name="TC2" time="7.683"/>
  <system-out/>
</testsuite> <!-- parallel_execution.B -->
