<?xml version="1.0" encoding="UTF-8"?>
<!-- Generated by org.testng.reporters.JUnitReportReporter -->
<testsuite hostname="DEEPAK" failures="0" tests="3" name="batchExecution.C" time="0.007" errors="0" timestamp="2024-04-18T12:56:14 IST" skipped="0">
  <testcase classname="batchExecution.C" name="TC8" time="0.003"/>
  <system-out>
    <![CDATA[TC8]]>
  </system-out>
  <testcase classname="batchExecution.C" name="TC7" time="0.002"/>
  <system-out>
    <![CDATA[TC7]]>
  </system-out>
  <testcase classname="batchExecution.C" name="TC9" time="0.002"/>
  <system-out>
    <![CDATA[TC9]]>
  </system-out>
</testsuite> <!-- batchExecution.C -->
