<?xml version="1.0" encoding="UTF-8"?>
<!-- Generated by org.testng.reporters.JUnitReportReporter -->
<testsuite hostname="DEEPAK" failures="0" tests="2" name="Groups.Disable_Testcaes" time="0.011" errors="0" timestamp="2024-04-20T01:17:45 IST" skipped="0">
  <testcase classname="Groups.Disable_Testcaes" name="TC3" time="0.002"/>
  <system-out>
    <![CDATA[TC3]]>
  </system-out>
  <testcase classname="Groups.Disable_Testcaes" name="TC2" time="0.009"/>
  <system-out>
    <![CDATA[TC2]]>
  </system-out>
</testsuite> <!-- Groups.Disable_Testcaes -->
