<?xml version="1.0" encoding="UTF-8"?>
<!-- Generated by org.testng.reporters.JUnitReportReporter -->
<testsuite hostname="DEEPAK" failures="0" tests="3" name="batchExecution.B" time="0.007" errors="0" timestamp="2024-04-18T12:56:14 IST" skipped="0">
  <testcase classname="batchExecution.B" name="TC4" time="0.004"/>
  <system-out>
    <![CDATA[TC4]]>
  </system-out>
  <testcase classname="batchExecution.B" name="TC5" time="0.002"/>
  <system-out>
    <![CDATA[TC5]]>
  </system-out>
  <testcase classname="batchExecution.B" name="TC6" time="0.001"/>
  <system-out>
    <![CDATA[TC6]]>
  </system-out>
</testsuite> <!-- batchExecution.B -->
