<?xml version="1.0" encoding="UTF-8"?>
<!-- Generated by org.testng.reporters.JUnitReportReporter -->
<testsuite hostname="DEEPAK" failures="0" tests="3" name="batchExecution.A" time="0.020" errors="0" timestamp="2024-04-18T12:56:14 IST" skipped="0">
  <testcase classname="batchExecution.A" name="TC2" time="0.002"/>
  <system-out>
    <![CDATA[TC2]]>
  </system-out>
  <testcase classname="batchExecution.A" name="TC3" time="0.001"/>
  <system-out>
    <![CDATA[TC3]]>
  </system-out>
  <testcase classname="batchExecution.A" name="TC1" time="0.017"/>
  <system-out>
    <![CDATA[TC1]]>
  </system-out>
</testsuite> <!-- batchExecution.A -->
